Copyright 1986-2017 Xilinx, Inc. All Rights Reserved.
-----------------------------------------------------------------------------------------------
| Tool Version : Vivado v.2017.4 (lin64) Build 2086221 Fri Dec 15 20:54:30 MST 2017
| Date         : Fri Feb 16 18:12:18 2018
| Host         : excession.phy.bris.ac.uk running 64-bit Scientific Linux release 6.9 (Carbon)
| Command      : report_control_sets -verbose -file top_control_sets_placed.rpt
| Design       : top
| Device       : xc7a35t
-----------------------------------------------------------------------------------------------

Control Set Information

Table of Contents
-----------------
1. Summary
2. Flip-Flop Distribution
3. Detailed Control Set Information

1. Summary
----------

+----------------------------------------------------------+-------+
|                          Status                          | Count |
+----------------------------------------------------------+-------+
| Number of unique control sets                            |   196 |
| Unused register locations in slices containing registers |   470 |
+----------------------------------------------------------+-------+


2. Flip-Flop Distribution
-------------------------

+--------------+-----------------------+------------------------+-----------------+--------------+
| Clock Enable | Synchronous Set/Reset | Asynchronous Set/Reset | Total Registers | Total Slices |
+--------------+-----------------------+------------------------+-----------------+--------------+
| No           | No                    | No                     |            1119 |          365 |
| No           | No                    | Yes                    |              38 |           13 |
| No           | Yes                   | No                     |             679 |          226 |
| Yes          | No                    | No                     |             578 |          191 |
| Yes          | No                    | Yes                    |              20 |            5 |
| Yes          | Yes                   | No                     |            1776 |          466 |
+--------------+-----------------------+------------------------+-----------------+--------------+


3. Detailed Control Set Information
-----------------------------------

+---------------------------------------------------+-------------------------------------------------------------------------------------------------------------------------------------+----------------------------------------------------------------------------------------------------------------------------------------------------+------------------+----------------+
|                    Clock Signal                   |                                                            Enable Signal                                                            |                                                                  Set/Reset Signal                                                                  | Slice Load Count | Bel Load Count |
+---------------------------------------------------+-------------------------------------------------------------------------------------------------------------------------------------+----------------------------------------------------------------------------------------------------------------------------------------------------+------------------+----------------+
|  infra/clocks/clko_125                            |                                                                                                                                     | infra/eth/emac0/inst/temac_gbe_v9_0_rgmii_core/sync_glbl_rstn_tx_clk/p_0_in                                                                        |                1 |              1 |
|  infra/clocks/clko_ipb                            |                                                                                                                                     | infra/ipbus/trans/iface/wctr                                                                                                                       |                1 |              1 |
|  infra/clocks/clko_125                            |                                                                                                                                     | infra/eth/emac0/inst/temac_gbe_v9_0_rgmii_core/sync_tx_axi_rstn_tx_clk/sync_rst1_i_1__0_n_0                                                        |                1 |              1 |
|  infra/eth/emac0/inst/rgmii_interface/rx_mac_aclk |                                                                                                                                     | infra/eth/emac0/inst/temac_gbe_v9_0_rgmii_core/sync_glbl_rstn_rx_clk/sync_rst1_i_1__1_n_0                                                          |                1 |              1 |
|  infra/clocks/clko_125                            | infra/ipbus/udp_if/status_buffer/next_pkt_id_int0                                                                                   | infra/ipbus/udp_if/status_buffer/header[29]_i_1_n_0                                                                                                |                1 |              1 |
|  infra/eth/emac0/inst/rgmii_interface/rx_mac_aclk |                                                                                                                                     | infra/eth/emac0/inst/temac_gbe_v9_0_rgmii_core/sync_int_rx_rst_mgmt_rx_clk/async_rst4                                                              |                1 |              1 |
|  infra/clocks/clko_125                            | infra/eth/emac0/inst/temac_gbe_v9_0_rgmii_core/txgen/TX_SM1/PREAMBLE_reg_1                                                          | infra/eth/emac0/inst/temac_gbe_v9_0_rgmii_core/tx_reset_out                                                                                        |                1 |              1 |
|  infra/clocks/clko_125                            |                                                                                                                                     | infra/eth/emac0/inst/temac_gbe_v9_0_rgmii_core/sync_int_tx_rst_mgmt_tx_clk/async_rst4                                                              |                1 |              1 |
|  infra/eth/emac0/inst/rgmii_interface/rx_mac_aclk | infra/eth/emac0/inst/temac_gbe_v9_0_rgmii_core/rxgen/RX_SM/CALC_reg[31]                                                             | infra/eth/emac0/inst/temac_gbe_v9_0_rgmii_core/rx_reset_out                                                                                        |                1 |              1 |
|  infra/eth/emac0/inst/rgmii_interface/rx_mac_aclk |                                                                                                                                     | infra/eth/emac0/inst/temac_gbe_v9_0_rgmii_core/sync_axi_rx_rstn_rx_clk/sync_rst1_i_1__2_n_0                                                        |                1 |              1 |
|  infra/clocks/clko_ipb                            | infra/ipbus/trans/sm/FSM_onehot_state_reg_n_0_[4]                                                                                   | infra/ipbus/trans/sm/tx_hdr                                                                                                                        |                1 |              1 |
|  infra/clocks/clko_125                            |                                                                                                                                     | infra/eth/emac0/inst/temac_gbe_v9_0_rgmii_core/rx_reset_out                                                                                        |                1 |              2 |
|  infra/clocks/clko_125                            | infra/eth/emac0/inst/temac_gbe_v9_0_rgmii_core/no_avb_tx_axi_intf.tx_axi_shim/tx_mac_tready_int                                     | infra/eth/emac0/inst/temac_gbe_v9_0_rgmii_core/tx_reset_out                                                                                        |                1 |              2 |
|  infra/clocks/clko_ipb                            |                                                                                                                                     | infra/ipbus/trans/sm/err_d                                                                                                                         |                1 |              2 |
|  infra/eth/emac0/inst/rgmii_interface/rx_mac_aclk |                                                                                                                                     | infra/eth/fifo/U0/inst_fifo_gen/gaxis_fifo.gaxisf.axisf/grf.rf/rstblk/rst_d2                                                                       |                1 |              2 |
|  infra/eth/emac0/inst/rgmii_interface/rx_mac_aclk |                                                                                                                                     | infra/eth/emac0/inst/temac_gbe_v9_0_rgmii_core/rxgen/SR[0]                                                                                         |                1 |              3 |
|  infra/clocks/clko_125                            | infra/eth/emac0/inst/temac_gbe_v9_0_rgmii_core/no_avb_tx_axi_intf.tx_axi_shim/tx_data_hold[2]_i_1_n_0                               | infra/eth/emac0/inst/temac_gbe_v9_0_rgmii_core/tx_reset_out                                                                                        |                1 |              3 |
|  infra/clocks/clko_125                            | infra/ipbus/udp_if/rx_packet_parser/pkt_data[15]__4_i_1_n_0                                                                         | infra/ipbus/udp_if/rx_reset_block/rx_reset                                                                                                         |                1 |              3 |
|  infra/eth/emac0/inst/rgmii_interface/rx_mac_aclk | infra/eth/emac0/inst/temac_gbe_v9_0_rgmii_core/addr_filter_top/address_filter_inst/address_match                                    | infra/eth/emac0/inst/temac_gbe_v9_0_rgmii_core/addr_filter_top/address_filter_inst/address_match_i_1_n_0                                           |                1 |              3 |
|  infra/clocks/clko_125                            | infra/eth/emac0/inst/temac_gbe_v9_0_rgmii_core/no_avb_tx_axi_intf.tx_axi_shim/tx_data_hold[5]_i_1_n_0                               | infra/eth/emac0/inst/temac_gbe_v9_0_rgmii_core/tx_reset_out                                                                                        |                1 |              3 |
|  infra/clocks/clko_125                            |                                                                                                                                     | infra/eth/fifo/U0/inst_fifo_gen/gaxis_fifo.gaxisf.axisf/grf.rf/rstblk/ngwrdrst.grst.g7serrst.gnsckt_wrst.gic_rst.rst_rd_reg2_inst/arststages_ff[1] |                1 |              3 |
|  infra/clocks/clko_125                            | infra/ipbus/udp_if/rx_ram_selector/write_i_reg0                                                                                     | infra/clocks/rsto_125                                                                                                                              |                1 |              4 |
|  infra/clocks/clko_125                            |                                                                                                                                     | infra/ipbus/udp_if/tx_transactor/req_resend_i_1_n_0                                                                                                |                2 |              4 |
|  infra/clocks/clko_125                            | infra/ipbus/udp_if/rx_ram_selector/send_i_reg0                                                                                      | infra/clocks/rsto_125                                                                                                                              |                1 |              4 |
|  infra/clocks/clko_125                            | infra/ipbus/udp_if/tx_ram_selector/send_i_reg0                                                                                      | infra/clocks/rsto_125                                                                                                                              |                1 |              4 |
|  infra/clocks/clko_125                            | infra/eth/emac0/inst/temac_gbe_v9_0_rgmii_core/txgen/TX_SM1/IFG_COUNT[6]_i_1_n_0                                                    |                                                                                                                                                    |                3 |              4 |
|  infra/clocks/clko_125                            | infra/eth/emac0/inst/temac_gbe_v9_0_rgmii_core/flow/pfc_tx/FSM_onehot_legacy_state[3]_i_1_n_0                                       | infra/eth/emac0/inst/temac_gbe_v9_0_rgmii_core/tx_reset_out                                                                                        |                1 |              4 |
|  infra/clocks/clko_125                            | infra/ipbus/udp_if/rx_packet_parser/pkt_data[126]__0_i_1_n_0                                                                        | infra/ipbus/udp_if/rx_packet_parser/pkt_data[3]__3_i_1_n_0                                                                                         |                1 |              4 |
|  infra/clocks/clko_125                            | infra/ipbus/udp_if/tx_ram_selector/write_i_reg0                                                                                     | infra/clocks/rsto_125                                                                                                                              |                1 |              4 |
|  infra/clocks/clko_125                            | infra/ipbus/udp_if/tx_main/int_data_int[7]_i_2_n_0                                                                                  | infra/ipbus/udp_if/tx_main/int_data_int[7]_i_1_n_0                                                                                                 |                2 |              4 |
|  infra/clocks/clko_125                            | infra/ipbus/udp_if/tx_main/int_data_int[7]_i_2_n_0                                                                                  |                                                                                                                                                    |                2 |              4 |
|  infra/eth/emac0/inst/rgmii_interface/rx_mac_aclk |                                                                                                                                     | infra/eth/emac0/inst/temac_gbe_v9_0_rgmii_core/rxgen/RX_SM/FIELD_CONTROL_reg[2]_0                                                                  |                1 |              4 |
|  infra/clocks/clko_ipb                            | infra/clocks/rctr0                                                                                                                  |                                                                                                                                                    |                1 |              4 |
|  infra/clocks/clko_ipb                            | slaves/I3/i2c_interface/registers/cr_int[7]_i_1_n_0                                                                                 |                                                                                                                                                    |                1 |              4 |
|  infra/clocks/clko_125                            | infra/ipbus/udp_if/tx_main/counting_reg__0                                                                                          | infra/ipbus/udp_if/tx_main/counter[4]_i_1_n_0                                                                                                      |                2 |              5 |
|  infra/clocks/clko_125                            | infra/ipbus/udp_if/payload/set_addr                                                                                                 |                                                                                                                                                    |                2 |              5 |
|  infra/eth/emac0/inst/rgmii_interface/rx_mac_aclk |                                                                                                                                     | infra/clocks/rsto_125                                                                                                                              |                1 |              5 |
|  infra/clocks/clko_125                            | infra/ipbus/udp_if/tx_main/udpram_end_addr_int[4]_i_2_n_0                                                                           | infra/ipbus/udp_if/tx_main/udpram_end_addr_int[4]_i_1_n_0                                                                                          |                1 |              5 |
|  infra/clocks/clko_125_90                         |                                                                                                                                     |                                                                                                                                                    |                1 |              5 |
|  infra/clocks/clko_125                            | infra/ipbus/udp_if/ARP/set_addr                                                                                                     |                                                                                                                                                    |                4 |              5 |
|  infra/clocks/clko_125                            | infra/ipbus/udp_if/RARP_block/req_end                                                                                               |                                                                                                                                                    |                1 |              5 |
|  infra/clocks/clko_125                            | infra/ipbus/udp_if/ARP/load_buf_int                                                                                                 | infra/ipbus/udp_if/ARP/shift_buf[4]_i_1_n_0                                                                                                        |                1 |              5 |
|  infra/clocks/sysclk_i                            |                                                                                                                                     |                                                                                                                                                    |                2 |              5 |
|  infra/clocks/clko_125                            | infra/ipbus/udp_if/tx_main/udpram_end_addr_int[12]_i_2_n_0                                                                          | infra/ipbus/udp_if/tx_main/udpram_end_addr_int[12]_i_1_n_0                                                                                         |                2 |              5 |
|  infra/clocks/clko_125                            |                                                                                                                                     | infra/eth/emac0/inst/temac_gbe_v9_0_rgmii_core/flow/tx_pause/sync_good_rx/SR[0]                                                                    |                1 |              6 |
|  infra/clocks/clko_125                            | infra/ipbus/udp_if/payload/payload_len[5]__0_i_1_n_0                                                                                | infra/ipbus/udp_if/rx_reset_block/rx_reset                                                                                                         |                2 |              6 |
|  infra/clocks/clko_125                            | infra/ipbus/udp_if/rx_packet_parser/pkt_mask1                                                                                       | infra/ipbus/udp_if/rx_reset_block/rx_reset                                                                                                         |                1 |              6 |
|  infra/clocks/clko_ipb                            | slaves/I3/i2c_interface/bit_controller/FSM_sequential_c_state[4]_i_1_n_0                                                            |                                                                                                                                                    |                3 |              6 |
|  infra/eth/emac0/inst/rgmii_interface/rx_mac_aclk | infra/eth/emac0/inst/temac_gbe_v9_0_rgmii_core/flow/rx/data_count                                                                   | infra/eth/emac0/inst/temac_gbe_v9_0_rgmii_core/rxgen/SR[0]                                                                                         |                2 |              6 |
|  infra/clocks/clko_125                            | infra/ipbus/udp_if/ARP/set_addr_buf1                                                                                                |                                                                                                                                                    |                2 |              6 |
|  infra/clocks/clko_125                            | infra/ipbus/udp_if/rx_packet_parser/pkt_data[22]__0_i_1_n_0                                                                         | infra/ipbus/udp_if/rx_reset_block/rx_reset                                                                                                         |                2 |              6 |
|  infra/clocks/clko_ipb                            | infra/ipbus/trans/sm/FSM_onehot_state[5]_i_1_n_0                                                                                    | infra/clocks/rsto_ipb_ctrl                                                                                                                         |                3 |              6 |
|  infra/clocks/clko_125                            | infra/ipbus/udp_if/RARP_block/tick                                                                                                  | infra/ipbus/udp_if/RARP_block/req_end                                                                                                              |                2 |              6 |
|  infra/clocks/clko_ipb                            | slaves/I3/i2c_interface/byte_controller/c_state                                                                                     |                                                                                                                                                    |                4 |              7 |
|  infra/clocks/clko_125                            |                                                                                                                                     | infra/eth/emac0/inst/temac_gbe_v9_0_rgmii_core/txgen/TX_SM1/D[0]                                                                                   |                1 |              7 |
|  infra/clocks/clko_ipb                            | infra/ipbus/trans/iface/FSM_onehot_state[6]_i_1_n_0                                                                                 | infra/clocks/rsto_ipb_ctrl                                                                                                                         |                4 |              7 |
|  infra/clocks/clko_125                            | infra/ipbus/udp_if/status_buffer/history[7]_i_1_n_0                                                                                 |                                                                                                                                                    |                3 |              7 |
|  infra/clocks/clko_125                            | infra/stretch/lgen[0].scnt[6]_i_2_n_0                                                                                               | infra/stretch/lgen[0].scnt[6]_i_1_n_0                                                                                                              |                2 |              7 |
|  infra/clocks/clko_ipb                            | slaves/I3/i2c_interface/registers/txr[7]_i_1_n_0                                                                                    |                                                                                                                                                    |                2 |              8 |
|  infra/clocks/clko_125                            | infra/ipbus/udp_if/tx_main/ip_len_int[7]                                                                                            |                                                                                                                                                    |                3 |              8 |
|  infra/clocks/clko_125                            | infra/ipbus/udp_if/payload/payload_len[7]_i_1_n_0                                                                                   | infra/ipbus/udp_if/rx_reset_block/rx_reset                                                                                                         |                1 |              8 |
|  infra/eth/emac0/inst/rgmii_interface/rx_mac_aclk | infra/eth/emac0/inst/temac_gbe_v9_0_rgmii_core/flow/rx/pause_opcode_early[7]_i_1_n_0                                                | infra/eth/emac0/inst/temac_gbe_v9_0_rgmii_core/rxgen/SR[0]                                                                                         |                1 |              8 |
|  infra/eth/emac0/inst/rgmii_interface/rx_mac_aclk | infra/eth/emac0/inst/temac_gbe_v9_0_rgmii_core/flow/rx/pause_value[7]_i_1_n_0                                                       | infra/eth/emac0/inst/temac_gbe_v9_0_rgmii_core/rx_reset_out                                                                                        |                3 |              8 |
|  infra/clocks/clko_125                            | infra/ipbus/udp_if/tx_main/ipbus_hdr_int[15]_i_1_n_0                                                                                | infra/clocks/rsto_125                                                                                                                              |                3 |              8 |
|  infra/eth/emac0/inst/rgmii_interface/rx_mac_aclk | infra/eth/emac0/inst/temac_gbe_v9_0_rgmii_core/rxgen/RX_SM/p_32_in                                                                  | infra/eth/emac0/inst/temac_gbe_v9_0_rgmii_core/rxgen/RX_SM/SS[0]                                                                                   |                2 |              8 |
|  infra/clocks/clko_125                            | infra/ipbus/udp_if/tx_main/ipbus_hdr_int[23]_i_1_n_0                                                                                | infra/clocks/rsto_125                                                                                                                              |                2 |              8 |
|  infra/clocks/clko_125                            | infra/ipbus/udp_if/tx_main/ipbus_hdr_int[7]_i_1_n_0                                                                                 | infra/clocks/rsto_125                                                                                                                              |                3 |              8 |
|  infra/clocks/clko_125                            | infra/ipbus/udp_if/rx_packet_parser/pkt_data[31]__0_i_1_n_0                                                                         | infra/ipbus/udp_if/rx_packet_parser/pkt_data[7]__1_i_1_n_0                                                                                         |                2 |              8 |
|  infra/clocks/clko_125                            | infra/ipbus/udp_if/tx_main/udp_len_int[15]                                                                                          |                                                                                                                                                    |                1 |              8 |
|  infra/clocks/clko_125                            | infra/ipbus/udp_if/rx_packet_parser/pkt_data[83]_i_1_n_0                                                                            | infra/ipbus/udp_if/rx_packet_parser/pkt_data[7]_i_1_n_0                                                                                            |                1 |              8 |
|  infra/clocks/clko_125                            | infra/ipbus/udp_if/tx_main/udp_len_int[7]                                                                                           |                                                                                                                                                    |                3 |              8 |
|  infra/clocks/clko_125                            | infra/ipbus/udp_if/tx_main/mac_tx_data_int[7]_i_2_n_0                                                                               | infra/ipbus/udp_if/tx_main/mac_tx_data_int[7]_i_1_n_0                                                                                              |                2 |              8 |
|  infra/clocks/clko_125                            | infra/ipbus/udp_if/ping/buf_to_load_int[15]_i_1_n_0                                                                                 | infra/ipbus/udp_if/rx_reset_block/rx_reset                                                                                                         |                2 |              8 |
|  infra/clocks/clko_125                            | infra/ipbus/udp_if/ping/buf_to_load_int[7]_i_1_n_0                                                                                  | infra/ipbus/udp_if/rx_reset_block/rx_reset                                                                                                         |                2 |              8 |
|  infra/clocks/clko_125                            | infra/ipbus/udp_if/tx_main/pay_len[7]                                                                                               |                                                                                                                                                    |                3 |              8 |
|  infra/clocks/clko_125                            | infra/ipbus/udp_if/tx_main/ip_len_int[15]                                                                                           |                                                                                                                                                    |                2 |              8 |
|  infra/clocks/clko_125                            | infra/ipbus/udp_if/tx_main/ip_cksum_int[15]                                                                                         |                                                                                                                                                    |                1 |              8 |
|  infra/clocks/clko_125                            | infra/ipbus/udp_if/tx_main/ip_cksum_int[7]                                                                                          |                                                                                                                                                    |                3 |              8 |
|  infra/clocks/clko_125                            | infra/ipbus/udp_if/tx_main/special_int[7]_i_2_n_0                                                                                   | infra/ipbus/udp_if/tx_main/special_int[7]_i_1_n_0                                                                                                  |                4 |              8 |
|  infra/clocks/clko_125                            | infra/ipbus/udp_if/payload/payload_len[13]__0_i_1_n_0                                                                               | infra/ipbus/udp_if/rx_reset_block/rx_reset                                                                                                         |                1 |              8 |
|  infra/clocks/clko_ipb                            | slaves/I3/i2c_interface/registers/prer[7]_i_1_n_0                                                                                   |                                                                                                                                                    |                5 |              8 |
|  infra/clocks/clko_125                            |                                                                                                                                     | infra/eth/emac0/inst/temac_gbe_v9_0_rgmii_core/txgen/TX_SM1/PAD                                                                                    |                2 |              8 |
|  infra/clocks/clko_125                            |                                                                                                                                     | infra/eth/emac0/inst/temac_gbe_v9_0_rgmii_core/txgen/TX_SM1/DATA_REG[2]_2                                                                          |                1 |              8 |
|  infra/clocks/clko_ipb                            | slaves/I3/i2c_interface/registers/prer[15]_i_1_n_0                                                                                  |                                                                                                                                                    |                2 |              8 |
|  infra/clocks/clko_ipb                            | slaves/I3/i2c_interface/registers/ctr_int[7]_i_1_n_0                                                                                |                                                                                                                                                    |                3 |              8 |
|  infra/clocks/clko_125                            |                                                                                                                                     | infra/ipbus/udp_if/status/status_we0                                                                                                               |                3 |              8 |
|  infra/clocks/clko_125                            |                                                                                                                                     | infra/ipbus/udp_if/ping/ping_data[7]_i_1_n_0                                                                                                       |                3 |              8 |
|  infra/clocks/clko_125                            |                                                                                                                                     | infra/ipbus/udp_if/ping/shift_buf[7]_i_1_n_0                                                                                                       |                1 |              8 |
|  infra/clocks/clko_125                            |                                                                                                                                     | infra/ipbus/udp_if/ARP/p_0_in                                                                                                                      |                3 |              8 |
|  infra/clocks/clko_ipb                            | infra/ipbus/trans/sm/words_todo[7]_i_1_n_0                                                                                          |                                                                                                                                                    |                4 |              8 |
|  infra/eth/emac0/inst/rgmii_interface/rx_mac_aclk | infra/eth/emac0/inst/temac_gbe_v9_0_rgmii_core/rx_axi_shim/rx_mac_tdata[7]_i_1_n_0                                                  | infra/eth/emac0/inst/temac_gbe_v9_0_rgmii_core/rx_reset_out                                                                                        |                1 |              8 |
|  infra/eth/emac0/inst/rgmii_interface/rx_mac_aclk | infra/eth/emac0/inst/temac_gbe_v9_0_rgmii_core/flow/rx/pause_value[15]_i_1__0_n_0                                                   | infra/eth/emac0/inst/temac_gbe_v9_0_rgmii_core/rx_reset_out                                                                                        |                1 |              8 |
|  infra/clocks/clko_ipb                            | infra/ipbus/trans/sm/ipb_out[ipb_strobe]                                                                                            | infra/ipbus/trans/sm/timer0                                                                                                                        |                5 |              8 |
|  infra/clocks/clko_125                            | infra/ipbus/udp_if/payload/payload_len[15]_i_1_n_0                                                                                  | infra/ipbus/udp_if/rx_reset_block/rx_reset                                                                                                         |                2 |              8 |
|  infra/clocks/clko_125                            | infra/eth/emac0/inst/temac_gbe_v9_0_rgmii_core/no_avb_tx_axi_intf.tx_axi_shim/tx_data[7]_i_1_n_0                                    | infra/eth/emac0/inst/temac_gbe_v9_0_rgmii_core/tx_reset_out                                                                                        |                1 |              8 |
|  infra/clocks/clko_125                            | infra/ipbus/udp_if/payload/buf_to_load_int[15]_i_1_n_0                                                                              | infra/ipbus/udp_if/rx_reset_block/rx_reset                                                                                                         |                2 |              8 |
|  infra/clocks/clko_125                            | infra/ipbus/udp_if/payload/buf_to_load_int[7]_i_1_n_0                                                                               | infra/ipbus/udp_if/rx_reset_block/rx_reset                                                                                                         |                2 |              8 |
|  infra/clocks/clko_125                            | infra/ipbus/udp_if/payload/int_data_int[7]_i_2_n_0                                                                                  | infra/ipbus/udp_if/payload/int_data_int[7]_i_1_n_0                                                                                                 |                3 |              8 |
|  infra/clocks/clko_125                            | infra/ipbus/udp_if/payload/load_buf_int                                                                                             | infra/ipbus/udp_if/payload/shift_buf1                                                                                                              |                1 |              8 |
|  infra/clocks/clko_125                            | infra/eth/fifo/U0/inst_fifo_gen/gaxis_fifo.gaxisf.axisf/grf.rf/gntv_or_sync_fifo.gl0.rd/gr1.gr1_int.rfwft/E[0]                      | infra/eth/fifo/U0/inst_fifo_gen/gaxis_fifo.gaxisf.axisf/grf.rf/rstblk/syncstages_ff_reg[0]                                                         |                2 |              8 |
|  infra/clocks/clko_125                            | infra/ipbus/udp_if/tx_main/byteswap_int9_out                                                                                        | infra/clocks/rsto_125                                                                                                                              |                3 |              9 |
|  infra/eth/emac0/inst/rgmii_interface/rx_mac_aclk |                                                                                                                                     | infra/eth/fifo/U0/inst_fifo_gen/gaxis_fifo.gaxisf.axisf/grf.rf/rstblk/ngwrdrst.grst.g7serrst.gnsckt_wrst.rst_wr_reg2_inst/arststages_ff[1]         |                3 |              9 |
|  infra/clocks/clko_ipb                            | infra/ipbus/trans/iface/waddr03_out                                                                                                 | infra/ipbus/trans/iface/waddr                                                                                                                      |                3 |              9 |
|  infra/clocks/clko_125                            | infra/ipbus/udp_if/rx_packet_parser/unreliable_data[29]                                                                             | infra/ipbus/udp_if/rx_reset_block/rx_reset                                                                                                         |                2 |              9 |
|  infra/clocks/clko_125                            |                                                                                                                                     | infra/ipbus/udp_if/rx_ram_mux/rxram_end_addr[12]_i_1_n_0                                                                                           |                2 |              9 |
|  infra/clocks/clko_ipb                            | infra/ipbus/trans/iface/raddr0                                                                                                      | infra/ipbus/trans/iface/dinit                                                                                                                      |                3 |              9 |
|  infra/clocks/clko_125                            |                                                                                                                                     | infra/ipbus/udp_if/IPADDR/My_IP_addr[31]_i_1_n_0                                                                                                   |                3 |              9 |
|  infra/clocks/clko_125                            | infra/eth/fifo/U0/inst_fifo_gen/gaxis_fifo.gaxisf.axisf/grf.rf/gntv_or_sync_fifo.gl0.rd/gr1.gr1_int.rfwft/goreg_dm.dout_i_reg[9][0] |                                                                                                                                                    |                4 |             10 |
|  infra/clocks/clko_125                            | infra/eth/fifo/U0/inst_fifo_gen/gaxis_fifo.gaxisf.axisf/grf.rf/gntv_or_sync_fifo.gl0.rd/gr1.gr1_int.rfwft/E[0]                      |                                                                                                                                                    |                3 |             10 |
|  infra/clocks/clko_125                            |                                                                                                                                     | infra/eth/fifo/U0/inst_fifo_gen/gaxis_fifo.gaxisf.axisf/grf.rf/rstblk/syncstages_ff_reg[0]                                                         |                4 |             10 |
|  infra/eth/emac0/inst/rgmii_interface/rx_mac_aclk |                                                                                                                                     | infra/eth/emac0/inst/temac_gbe_v9_0_rgmii_core/rxgen/counter_reg[0]_rep__0                                                                         |                4 |             10 |
|  infra/clocks/clko_125                            | infra/ipbus/udp_if/rx_packet_parser/msk_mask[9]_i_1_n_0                                                                             | infra/ipbus/udp_if/rx_reset_block/rx_reset                                                                                                         |                3 |             10 |
|  infra/clocks/clko_125                            | infra/ipbus/udp_if/payload/addr_int[10]__0_i_1_n_0                                                                                  |                                                                                                                                                    |                4 |             11 |
|  infra/clocks/clko_125                            | infra/ipbus/udp_if/rx_packet_parser/reliable_data                                                                                   | infra/ipbus/udp_if/rx_packet_parser/reliable_data[11]_i_1_n_0                                                                                      |                2 |             11 |
|  infra/clocks/clko_ipb                            | slaves/I3/i2c_interface/byte_controller/dcnt                                                                                        |                                                                                                                                                    |                4 |             11 |
|  infra/clocks/clko_125                            | infra/eth/fifo/U0/inst_fifo_gen/gaxis_fifo.gaxisf.axisf/grf.rf/gntv_or_sync_fifo.gl0.rd/gr1.gr1_int.rfwft/m_axis_tvalid             | infra/ipbus/udp_if/rx_byte_sum/hi_byte_int[7]__0_i_1_n_0                                                                                           |                4 |             11 |
|  infra/eth/emac0/inst/rgmii_interface/rx_mac_aclk | infra/eth/emac0/inst/temac_gbe_v9_0_rgmii_core/rxgen/RX_SM/E[0]                                                                     | infra/eth/emac0/inst/temac_gbe_v9_0_rgmii_core/rxgen/RX_SM/FIELD_CONTROL_reg[2]_0                                                                  |                4 |             11 |
|  infra/clocks/clko_125                            | infra/ipbus/udp_if/rx_packet_parser/pkt_data[47]__2_i_1_n_0                                                                         | infra/ipbus/udp_if/rx_reset_block/rx_reset                                                                                                         |                2 |             11 |
|  infra/clocks/clko_125                            | infra/ipbus/udp_if/tx_byte_sum/clr_sum_buf1                                                                                         | infra/ipbus/udp_if/tx_byte_sum/hi_byte_int[7]__0_i_1_n_0                                                                                           |                4 |             11 |
|  infra/eth/emac0/inst/rgmii_interface/rx_mac_aclk | infra/eth/fifo/U0/inst_fifo_gen/gaxis_fifo.gaxisf.axisf/grf.rf/gntv_or_sync_fifo.gl0.wr/gwas.wsts/E[0]                              | infra/eth/fifo/U0/inst_fifo_gen/gaxis_fifo.gaxisf.axisf/grf.rf/rstblk/AR[0]                                                                        |                3 |             12 |
|  infra/clocks/clko_ipb                            |                                                                                                                                     | infra/clocks/rsto_ipb_ctrl                                                                                                                         |                5 |             13 |
|  infra/clocks/clko_125                            | infra/ipbus/udp_if/ping/addr_int[10]_i_1_n_0                                                                                        |                                                                                                                                                    |                4 |             13 |
|  infra/clocks/clko_125                            | infra/ipbus/udp_if/ping/end_addr_i[12]_i_2_n_0                                                                                      | infra/ipbus/udp_if/ping/end_addr_i[12]_i_1_n_0                                                                                                     |                3 |             13 |
|  infra/clocks/clko_125                            | infra/ipbus/udp_if/internal_ram_shim/end_address_buf[1]                                                                             | infra/clocks/rsto_125                                                                                                                              |                4 |             13 |
|  infra/clocks/clko_125                            | infra/ipbus/udp_if/internal_ram_shim/end_address_buf[0][12]_i_1_n_0                                                                 | infra/clocks/rsto_125                                                                                                                              |                2 |             13 |
|  infra/clocks/clko_125                            | infra/ipbus/udp_if/tx_main/end_addr_int[12]_i_1_n_0                                                                                 |                                                                                                                                                    |                4 |             13 |
|  infra/clocks/clko_125                            |                                                                                                                                     | infra/ipbus/udp_if/internal_ram_shim/p_0_in                                                                                                        |                2 |             13 |
|  infra/clocks/clko_125                            | infra/ipbus/udp_if/tx_main/rxram_busy_int_i_1_n_0                                                                                   | infra/clocks/rsto_125                                                                                                                              |                2 |             14 |
|  infra/clocks/clko_125                            | infra/eth/emac0/inst/temac_gbe_v9_0_rgmii_core/txgen/TX_SM1/FRAME_COUNT                                                             | infra/eth/emac0/inst/temac_gbe_v9_0_rgmii_core/txgen/TX_SM1/FRAME_COUNT[14]_i_1_n_0                                                                |                5 |             14 |
|  infra/clocks/clko_125                            | infra/ipbus/udp_if/ARP/buf_to_load_int[47]_i_1_n_0                                                                                  | infra/ipbus/udp_if/rx_reset_block/rx_reset                                                                                                         |                2 |             14 |
|  infra/eth/emac0/inst/rgmii_interface/rx_mac_aclk | infra/eth/emac0/inst/temac_gbe_v9_0_rgmii_core/rxgen/FRAME_DECODER/FRAME_COUNTER0                                                   | infra/eth/emac0/inst/temac_gbe_v9_0_rgmii_core/rxgen/RX_SM/SS[0]                                                                                   |                4 |             15 |
|  infra/clocks/clko_125                            | infra/ipbus/udp_if/tx_transactor/pkt_id_buf[5]                                                                                      | infra/clocks/rsto_125                                                                                                                              |                2 |             16 |
|  infra/clocks/clko_125                            | infra/ipbus/udp_if/tx_transactor/pkt_id_buf[7]                                                                                      | infra/clocks/rsto_125                                                                                                                              |                4 |             16 |
|  infra/clocks/clko_125                            | infra/ipbus/udp_if/tx_transactor/pkt_id_buf[6]                                                                                      | infra/clocks/rsto_125                                                                                                                              |                5 |             16 |
|  infra/clocks/clko_125                            | infra/ipbus/udp_if/resend/resend_pkt_id_int[15]_i_2_n_0                                                                             | infra/ipbus/udp_if/resend/resend_pkt_id_int[15]_i_1_n_0                                                                                            |                4 |             16 |
|  infra/clocks/clko_125                            | infra/ipbus/udp_if/tx_transactor/pkt_id_buf[4]                                                                                      | infra/clocks/rsto_125                                                                                                                              |                5 |             16 |
|  infra/clocks/clko_125                            | infra/ipbus/udp_if/tx_transactor/pkt_id_buf[3]                                                                                      | infra/clocks/rsto_125                                                                                                                              |                4 |             16 |
|  infra/clocks/clko_125                            | infra/ipbus/udp_if/tx_transactor/pkt_id_buf[2]                                                                                      | infra/clocks/rsto_125                                                                                                                              |                3 |             16 |
|  infra/clocks/clko_125                            | infra/ipbus/udp_if/tx_transactor/pkt_id_buf[8]                                                                                      | infra/clocks/rsto_125                                                                                                                              |                4 |             16 |
|  infra/clocks/clko_125                            | infra/eth/emac0/inst/temac_gbe_v9_0_rgmii_core/flow/tx_pause/sync_good_rx/E[0]                                                      | infra/eth/emac0/inst/temac_gbe_v9_0_rgmii_core/tx_reset_out                                                                                        |                8 |             16 |
|  infra/clocks/clko_125                            | infra/ipbus/udp_if/tx_transactor/pkt_id_buf[9]                                                                                      | infra/clocks/rsto_125                                                                                                                              |                3 |             16 |
|  infra/eth/emac0/inst/rgmii_interface/rx_mac_aclk | infra/eth/emac0/inst/temac_gbe_v9_0_rgmii_core/addr_filter_top/address_filter_inst/load_wr                                          |                                                                                                                                                    |                4 |             16 |
|  infra/clocks/clko_ipb                            | infra/ipbus/trans/iface/wctr[0]_i_1_n_0                                                                                             | infra/ipbus/trans/iface/wctr                                                                                                                       |                4 |             16 |
|  infra/clocks/clko_ipb                            | slaves/I3/i2c_interface/bit_controller/cnt[15]_i_1_n_0                                                                              |                                                                                                                                                    |                6 |             16 |
|  infra/clocks/clko_ipb                            | infra/ipbus/trans/sm/addr                                                                                                           |                                                                                                                                                    |                6 |             16 |
|  infra/clocks/clko_125                            | infra/ipbus/udp_if/tx_transactor/pkt_id_buf[15][15]_i_1_n_0                                                                         | infra/clocks/rsto_125                                                                                                                              |                3 |             16 |
|  infra/clocks/clko_125                            | infra/ipbus/udp_if/status_buffer/next_pkt_id_int0                                                                                   | infra/clocks/rsto_125                                                                                                                              |                6 |             16 |
|  infra/eth/emac0/inst/rgmii_interface/rx_mac_aclk | infra/eth/fifo/U0/inst_fifo_gen/gaxis_fifo.gaxisf.axisf/grf.rf/gntv_or_sync_fifo.gl0.wr/gwas.wsts/E[0]                              |                                                                                                                                                    |                2 |             16 |
|  infra/clocks/clko_125                            | infra/ipbus/udp_if/rx_packet_parser/reliable_data                                                                                   | infra/ipbus/udp_if/rx_reset_block/rx_reset                                                                                                         |                3 |             16 |
|  infra/clocks/clko_ipb                            | infra/ipbus/trans/iface/rctr01_out                                                                                                  | infra/ipbus/trans/iface/rctr0                                                                                                                      |                4 |             16 |
|  infra/clocks/clko_125                            | infra/ipbus/udp_if/tx_transactor/pkt_id_buf[0]                                                                                      | infra/clocks/rsto_125                                                                                                                              |                4 |             16 |
|  infra/clocks/clko_125                            | infra/ipbus/udp_if/tx_transactor/pkt_id_buf[10]                                                                                     | infra/clocks/rsto_125                                                                                                                              |                4 |             16 |
|  infra/clocks/clko_125                            | infra/ipbus/udp_if/tx_transactor/pkt_id_buf[1]                                                                                      | infra/clocks/rsto_125                                                                                                                              |                4 |             16 |
|  infra/clocks/clko_125                            | infra/ipbus/udp_if/tx_transactor/pkt_id_buf[14]                                                                                     | infra/clocks/rsto_125                                                                                                                              |                4 |             16 |
|  infra/clocks/clko_125                            | infra/ipbus/udp_if/tx_transactor/pkt_id_buf[13]                                                                                     | infra/clocks/rsto_125                                                                                                                              |                3 |             16 |
|  infra/clocks/clko_125                            | infra/ipbus/udp_if/tx_transactor/pkt_id_buf[12]                                                                                     | infra/clocks/rsto_125                                                                                                                              |                6 |             16 |
|  infra/clocks/clko_125                            | infra/ipbus/udp_if/tx_transactor/pkt_id_buf[11]                                                                                     | infra/clocks/rsto_125                                                                                                                              |                4 |             16 |
|  infra/eth/emac0/inst/rgmii_interface/rx_mac_aclk | infra/eth/emac0/inst/temac_gbe_v9_0_rgmii_core/rxgen/FRAME_DECODER/rx_statistics_vector[0]                                          | infra/eth/emac0/inst/temac_gbe_v9_0_rgmii_core/rx_reset_out                                                                                        |                3 |             17 |
|  infra/clocks/clko_125                            |                                                                                                                                     | infra/stretch/clkdiv/clear                                                                                                                         |                5 |             17 |
|  infra/clocks/clko_125                            | infra/ipbus/udp_if/rx_packet_parser/pkt_data[126]__0_i_1_n_0                                                                        |                                                                                                                                                    |                6 |             18 |
|  infra/clocks/clko_125                            |                                                                                                                                     | infra/ipbus/udp_if/rx_ram_mux/dia[7]_i_1_n_0                                                                                                       |                4 |             20 |
|  infra/clocks/clko_125                            | infra/ipbus/udp_if/rx_packet_parser/reliable_data                                                                                   |                                                                                                                                                    |                5 |             22 |
|  infra/clocks/clko_125                            | infra/ipbus/udp_if/ARP/buf_to_load_int[47]_i_1_n_0                                                                                  |                                                                                                                                                    |                4 |             23 |
|  infra/clocks/clko_125                            | infra/ipbus/udp_if/RARP_block/tick                                                                                                  | infra/clocks/rsto_125                                                                                                                              |                7 |             28 |
|  infra/clocks/sysclk_i                            |                                                                                                                                     | infra/clocks/clkdiv/clear                                                                                                                          |                7 |             28 |
|  infra/clocks/clko_ipb                            | infra/ipbus/trans/sm/tx_hdr                                                                                                         |                                                                                                                                                    |               12 |             29 |
|  infra/clocks/clko_125                            |                                                                                                                                     | infra/ipbus/udp_if/RARP_block/counter_int[23]_i_1_n_0                                                                                              |                9 |             29 |
|  infra/clocks/clko_125                            |                                                                                                                                     | infra/ipbus/udp_if/rx_reset_block/rx_reset                                                                                                         |               20 |             30 |
|  infra/clocks/clko_125                            | infra/eth/fifo/U0/inst_fifo_gen/gaxis_fifo.gaxisf.axisf/grf.rf/gntv_or_sync_fifo.gl0.rd/gr1.gr1_int.rfwft/m_axis_tvalid             |                                                                                                                                                    |               10 |             31 |
|  infra/clocks/clko_125                            | infra/ipbus/udp_if/payload/ipbus_hdr_int0                                                                                           | infra/ipbus/udp_if/rx_reset_block/rx_reset                                                                                                         |               11 |             32 |
|  infra/clocks/clko_ipb                            | infra/ipbus/trans/sm/rmw_result[31]_i_1_n_0                                                                                         |                                                                                                                                                    |               16 |             32 |
|  infra/eth/emac0/inst/rgmii_interface/rx_mac_aclk | infra/eth/emac0/inst/temac_gbe_v9_0_rgmii_core/rxgen/ENABLE_REG_reg_n_0                                                             | infra/eth/emac0/inst/temac_gbe_v9_0_rgmii_core/rxgen/RX_SM/CALC_reg[31]                                                                            |               12 |             32 |
|  infra/clocks/clko_ipb                            | slaves/slave0/p_0_out                                                                                                               | infra/clocks/rsto_ipb                                                                                                                              |               12 |             32 |
|  infra/clocks/clko_ipb                            | slaves/slave1/p_0_out                                                                                                               | infra/clocks/rsto_ipb                                                                                                                              |               11 |             32 |
|  infra/clocks/clko_ipb                            | infra/ipbus/trans/sm/ack                                                                                                            |                                                                                                                                                    |                9 |             32 |
|  infra/clocks/clko_125                            |                                                                                                                                     | infra/eth/emac0/inst/temac_gbe_v9_0_rgmii_core/txgen/TX_SM1/PREAMBLE_PIPE_reg_n_0_[2]                                                              |               10 |             32 |
|  infra/clocks/clko_ipb                            | infra/ipbus/trans/sm/FSM_onehot_state_reg_n_0_[4]                                                                                   |                                                                                                                                                    |               11 |             32 |
|  infra/clocks/clko_ipb                            | infra/ipbus/trans/iface/hlen0                                                                                                       |                                                                                                                                                    |                8 |             32 |
|  infra/clocks/clko_125                            | infra/ipbus/udp_if/IPADDR/IP_addr_rx_vld                                                                                            | infra/clocks/rsto_125                                                                                                                              |                9 |             32 |
|  infra/clocks/clko_125                            | infra/ipbus/udp_if/IPADDR/IP_addr_rx_int[31]_i_2_n_0                                                                                | infra/ipbus/udp_if/IPADDR/IP_addr_rx_int[31]_i_1_n_0                                                                                               |                7 |             32 |
|  infra/clocks/clko_ipb                            | infra/ipbus/trans/iface/rxf0                                                                                                        |                                                                                                                                                    |               11 |             32 |
|  infra/clocks/clko_125                            | infra/ipbus/udp_if/rx_packet_parser/pkt_data[31]__0_i_1_n_0                                                                         | infra/ipbus/udp_if/rx_reset_block/rx_reset                                                                                                         |                8 |             39 |
|  infra/clocks/clko_125                            | infra/ipbus/udp_if/rx_packet_parser/pkt_data[31]__0_i_1_n_0                                                                         |                                                                                                                                                    |                8 |             40 |
|  infra/clocks/clko_125                            | infra/ipbus/udp_if/rx_packet_parser/pkt_data[83]_i_1_n_0                                                                            |                                                                                                                                                    |               11 |             42 |
|  infra/clocks/clko_125                            | infra/ipbus/udp_if/rx_packet_parser/pkt_data[126]__0_i_1_n_0                                                                        | infra/ipbus/udp_if/rx_reset_block/rx_reset                                                                                                         |               12 |             60 |
|  infra/clocks/clko_125                            | infra/ipbus/udp_if/rx_packet_parser/pkt_data[83]_i_1_n_0                                                                            | infra/ipbus/udp_if/rx_reset_block/rx_reset                                                                                                         |               12 |             67 |
|  infra/clocks/clko_ipb                            |                                                                                                                                     |                                                                                                                                                    |               34 |             80 |
|  infra/eth/emac0/inst/rgmii_interface/rx_mac_aclk |                                                                                                                                     | infra/eth/emac0/inst/temac_gbe_v9_0_rgmii_core/rx_reset_out                                                                                        |               32 |             98 |
|  infra/clocks/clko_125                            | infra/ipbus/udp_if/status_buffer/history[7]_i_1_n_0                                                                                 | infra/ipbus/udp_if/status_buffer/history[127]_i_1_n_0                                                                                              |               24 |            105 |
|  infra/eth/emac0/inst/rgmii_interface/rx_mac_aclk |                                                                                                                                     |                                                                                                                                                    |               34 |            124 |
|  infra/clocks/clko_125                            |                                                                                                                                     | infra/eth/emac0/inst/temac_gbe_v9_0_rgmii_core/tx_reset_out                                                                                        |               40 |            126 |
|  infra/clocks/clko_125                            | infra/ipbus/udp_if/tx_main/ipbus_out_valid                                                                                          | infra/clocks/rsto_125                                                                                                                              |               37 |            128 |
|  infra/clocks/clko_125                            | infra/ipbus/udp_if/status_buffer/ipbus_in[127]_i_2_n_0                                                                              | infra/ipbus/udp_if/status_buffer/ipbus_in[127]_i_1_n_0                                                                                             |               33 |            128 |
|  infra/clocks/clko_125                            | infra/eth/fifo/U0/inst_fifo_gen/gaxis_fifo.gaxisf.axisf/grf.rf/gntv_or_sync_fifo.gl0.rd/gr1.gr1_int.rfwft/m_axis_tvalid             | infra/ipbus/udp_if/rx_reset_block/rx_reset                                                                                                         |               37 |            163 |
|  infra/clocks/clko_125                            |                                                                                                                                     | infra/clocks/rsto_125                                                                                                                              |               58 |            171 |
|  infra/clocks/clko_125                            |                                                                                                                                     |                                                                                                                                                    |              299 |            919 |
+---------------------------------------------------+-------------------------------------------------------------------------------------------------------------------------------------+----------------------------------------------------------------------------------------------------------------------------------------------------+------------------+----------------+


+--------+-----------------------+
| Fanout | Number of ControlSets |
+--------+-----------------------+
| 1      |                    11 |
| 2      |                     4 |
| 3      |                     6 |
| 4      |                    13 |
| 5      |                    10 |
| 6      |                     9 |
| 7      |                     5 |
| 8      |                    42 |
| 9      |                     7 |
| 10     |                     5 |
| 11     |                     7 |
| 12     |                     1 |
| 13     |                     7 |
| 14     |                     3 |
| 15     |                     1 |
| 16+    |                    65 |
+--------+-----------------------+


